<?xml version="1.0" encoding="UTF-8" ?>
<testsuite tests="59" failures="0" name="com.levyx.xenon.connector.XenonSinkTaskTest" time="42.469" errors="0" skipped="0">
  <properties>
[...]
</properties>
  <testcase classname="com.levyx.xenon.connector.XenonSinkTaskTest" name="testVersion" time="0.034"/>
  <testcase classname="com.levyx.xenon.connector.XenonSinkTaskTest" name="testConnectAndOptionalShortSchema" time="0.622"/>
  <testcase classname="com.levyx.xenon.connector.XenonSinkTaskTest" name="testConnectAndOptionalIntegerSchema" time="0.534"/>
  <testcase classname="com.levyx.xenon.connector.XenonSinkTaskTest" name="testConnectAndOptionalLongSchema" time="0.573"/>
  <testcase classname="com.levyx.xenon.connector.XenonSinkTaskTest" name="testConnectAndOptionalBytesSchema" time="0.598"/>
  <testcase classname="com.levyx.xenon.connector.XenonSinkTaskTest" name="testConnectAndOptionalStringSchema" time="0.461"/>
  <testcase classname="com.levyx.xenon.connector.XenonSinkTaskTest" name="testBooleanToConnect" time="0.57"/>
  <testcase classname="com.levyx.xenon.connector.XenonSinkTaskTest" name="testByteToConnect" time="0.56"/>
  <testcase classname="com.levyx.xenon.connector.XenonSinkTaskTest" name="testShortToConnect" time="0.602"/>
  <testcase classname="com.levyx.xenon.connector.XenonSinkTaskTest" name="testIntToConnect" time="0.557"/>
  <testcase classname="com.levyx.xenon.connector.XenonSinkTaskTest" name="testLongToConnect" time="1.284"/>
  <testcase classname="com.levyx.xenon.connector.XenonSinkTaskTest" name="testFloatToConnect" time="0.507"/>
  <testcase classname="com.levyx.xenon.connector.XenonSinkTaskTest" name="testDoubleToConnect" time="0.559"/>
  <testcase classname="com.levyx.xenon.connector.XenonSinkTaskTest" name="testBytesToConnect" time="1.341"/>
  <testcase classname="com.levyx.xenon.connector.XenonSinkTaskTest" name="testStringToConnect" time="0.568"/>
  <testcase classname="com.levyx.xenon.connector.XenonSinkTaskTest" name="testArrayToConnect" time="0.661"/>
  <testcase classname="com.levyx.xenon.connector.XenonSinkTaskTest" name="testMapToConnectIntegerValues" time="1.157"/>
  <testcase classname="com.levyx.xenon.connector.XenonSinkTaskTest" name="testMapToConnectBooleanValues" time="0.607"/>
  <testcase classname="com.levyx.xenon.connector.XenonSinkTaskTest" name="testMapToConnectByteValues" time="0.59"/>
  <testcase classname="com.levyx.xenon.connector.XenonSinkTaskTest" name="testMapToConnectShortValues" time="0.604"/>
  <testcase classname="com.levyx.xenon.connector.XenonSinkTaskTest" name="testMapToConnectLongValues" time="0.618"/>
  <testcase classname="com.levyx.xenon.connector.XenonSinkTaskTest" name="testMapToConnectFloatValues" time="0.572"/>
  <testcase classname="com.levyx.xenon.connector.XenonSinkTaskTest" name="testMapToConnectDoubleValues" time="0.607"/>
  <testcase classname="com.levyx.xenon.connector.XenonSinkTaskTest" name="testConnectAndOptionalByteSchema" time="0.552"/>
  <testcase classname="com.levyx.xenon.connector.XenonSinkTaskTest" name="testMapToConnectStringValues" time="0.688"/>
  <testcase classname="com.levyx.xenon.connector.XenonSinkTaskTest" name="testStructToConnectFirstCase" time="0.994"/>
  <testcase classname="com.levyx.xenon.connector.XenonSinkTaskTest" name="testStructToConnectSecondCase" time="0.712"/>
  <testcase classname="com.levyx.xenon.connector.XenonSinkTaskTest" name="testNullSchemaAndPrimitivesToConnect" time="1.829"/>
  <testcase classname="com.levyx.xenon.connector.XenonSinkTaskTest" name="testDecimalToConnect" time="0.583"/>
  <testcase classname="com.levyx.xenon.connector.XenonSinkTaskTest" name="testDateToConnect" time="0.583"/>
  <testcase classname="com.levyx.xenon.connector.XenonSinkTaskTest" name="testTimestampToConnect" time="0.581"/>
  <testcase classname="com.levyx.xenon.connector.XenonSinkTaskTest" name="testBooleanToJson" time="0.583"/>
  <testcase classname="com.levyx.xenon.connector.XenonSinkTaskTest" name="testLongToJson" time="0.59"/>
  <testcase classname="com.levyx.xenon.connector.XenonSinkTaskTest" name="testDoubleToJson" time="0.552"/>
  <testcase classname="com.levyx.xenon.connector.XenonSinkTaskTest" name="testBytesToJson" time="0.576"/>
  <testcase classname="com.levyx.xenon.connector.XenonSinkTaskTest" name="testStringToJson" time="0.603"/>
  <testcase classname="com.levyx.xenon.connector.XenonSinkTaskTest" name="testArrayToJson" time="0.658"/>
  <testcase classname="com.levyx.xenon.connector.XenonSinkTaskTest" name="testMapToJsonBooleanValues" time="0.62"/>
  <testcase classname="com.levyx.xenon.connector.XenonSinkTaskTest" name="testMapToJsonByteValues" time="0.61"/>
  <testcase classname="com.levyx.xenon.connector.XenonSinkTaskTest" name="testMapToJsonShortValues" time="0.565"/>
  <testcase classname="com.levyx.xenon.connector.XenonSinkTaskTest" name="testMapToJsonLongValues" time="0.617"/>
  <testcase classname="com.levyx.xenon.connector.XenonSinkTaskTest" name="testMapToJsonFloatValues" time="0.622"/>
  <testcase classname="com.levyx.xenon.connector.XenonSinkTaskTest" name="testMapToJsonDoubleValues" time="0.615"/>
  <testcase classname="com.levyx.xenon.connector.XenonSinkTaskTest" name="testMapToJsonStringValues" time="0.648"/>
  <testcase classname="com.levyx.xenon.connector.XenonSinkTaskTest" name="testMapToJsonBytesValues" time="0.627"/>
  <testcase classname="com.levyx.xenon.connector.XenonSinkTaskTest" name="testStructToJsonCaseA" time="0.629"/>
  <testcase classname="com.levyx.xenon.connector.XenonSinkTaskTest" name="testStructToJsonCaseB" time="0.661"/>
  <testcase classname="com.levyx.xenon.connector.XenonSinkTaskTest" name="testVersionExtracted" time="0.003"/>
  <testcase classname="com.levyx.xenon.connector.XenonSinkTaskTest" name="testDecimalToJsonCaseA" time="0.552"/>
  <testcase classname="com.levyx.xenon.connector.XenonSinkTaskTest" name="testDecimalToJsonCaseB" time="0.564"/>
  <testcase classname="com.levyx.xenon.connector.XenonSinkTaskTest" name="testDecimalToJsonCaseC" time="0.603"/>
  <testcase classname="com.levyx.xenon.connector.XenonSinkTaskTest" name="testDecimalToJsonCaseD" time="0.581"/>
  <testcase classname="com.levyx.xenon.connector.XenonSinkTaskTest" name="testTimeToJson" time="0.566"/>
  <testcase classname="com.levyx.xenon.connector.XenonSinkTaskTest" name="testNullSchemaAndPrimitivesToJson" time="4.524"/>
  <testcase classname="com.levyx.xenon.connector.XenonSinkTaskTest" name="testNullSchemaAndArrayToJson" time="0.637"/>
  <testcase classname="com.levyx.xenon.connector.XenonSinkTaskTest" name="testNullSchemaAndMapToJson" time="0.605"/>
  <testcase classname="com.levyx.xenon.connector.XenonSinkTaskTest" name="testConnectAndOptionalBooleanSchema" time="0.553"/>
  <testcase classname="com.levyx.xenon.connector.XenonSinkTaskTest" name="testConnectAndOptionalFloatSchema" time="0.569"/>
  <testcase classname="com.levyx.xenon.connector.XenonSinkTaskTest" name="testConnectAndOptionalDoubleSchema" time="0.549"/>
</testsuite>